0 info it worked if it ends with ok
1 verbose cli [ 'D:\\Program Files\\nodejs\\\\node.exe',
1 verbose cli   'D:\\Program Files\\nodejs\\node_modules\\npm\\bin\\npm-cli.js',
1 verbose cli   'install',
1 verbose cli   'grunt-moch' ]
2 info using npm@1.4.28
3 info using node@v0.10.35
4 verbose node symlink D:\Program Files\nodejs\\node.exe
5 warn package.json admin.rocksw@1.0.0 No repository field.
6 verbose readDependencies using package.json deps
7 verbose cache add [ 'grunt-moch', null ]
8 verbose cache add name=undefined spec="grunt-moch" args=["grunt-moch",null]
9 verbose parsed url { protocol: null,
9 verbose parsed url   slashes: null,
9 verbose parsed url   auth: null,
9 verbose parsed url   host: null,
9 verbose parsed url   port: null,
9 verbose parsed url   hostname: null,
9 verbose parsed url   hash: null,
9 verbose parsed url   search: null,
9 verbose parsed url   query: null,
9 verbose parsed url   pathname: 'grunt-moch',
9 verbose parsed url   path: 'grunt-moch',
9 verbose parsed url   href: 'grunt-moch' }
10 silly lockFile 9d958508-grunt-moch grunt-moch
11 verbose lock grunt-moch C:\Users\ww\AppData\Roaming\npm-cache\9d958508-grunt-moch.lock
12 silly lockFile 9d958508-grunt-moch grunt-moch
13 silly lockFile 9d958508-grunt-moch grunt-moch
14 verbose addNamed [ 'grunt-moch', '' ]
15 verbose addNamed [ null, '*' ]
16 silly lockFile 1c1feb45-grunt-moch grunt-moch@
17 verbose lock grunt-moch@ C:\Users\ww\AppData\Roaming\npm-cache\1c1feb45-grunt-moch.lock
18 silly addNameRange { name: 'grunt-moch', range: '*', hasData: false }
19 verbose request where is /grunt-moch
20 verbose request registry https://registry.npm.taobao.org/
21 verbose request id cc3f2a8a35204bce
22 verbose url raw /grunt-moch
23 verbose url resolving [ 'https://registry.npm.taobao.org/', './grunt-moch' ]
24 verbose url resolved https://registry.npm.taobao.org/grunt-moch
25 verbose request where is https://registry.npm.taobao.org/grunt-moch
26 info trying registry request attempt 1 at 22:01:56
27 http GET https://registry.npm.taobao.org/grunt-moch
28 http 404 https://registry.npm.taobao.org/grunt-moch
29 verbose headers { server: 'CouchDB/1.5.0 (Erlang OTP/R16B03)',
29 verbose headers   'content-type': 'application/json',
29 verbose headers   'cache-control': 'max-age=0',
29 verbose headers   'content-length': '51',
29 verbose headers   'accept-ranges': 'bytes',
29 verbose headers   date: 'Sat, 11 Jul 2015 13:58:45 GMT',
29 verbose headers   via: '1.1 varnish',
29 verbose headers   age: '0',
29 verbose headers   connection: 'keep-alive',
29 verbose headers   'x-served-by': 'cache-nrt6121-NRT',
29 verbose headers   'x-cache': 'MISS',
29 verbose headers   'x-cache-hits': '0',
29 verbose headers   'x-timer': 'S1436623124.424426,VS0,VE775' }
30 silly registry.get cb [ 404,
30 silly registry.get   { server: 'CouchDB/1.5.0 (Erlang OTP/R16B03)',
30 silly registry.get     'content-type': 'application/json',
30 silly registry.get     'cache-control': 'max-age=0',
30 silly registry.get     'content-length': '51',
30 silly registry.get     'accept-ranges': 'bytes',
30 silly registry.get     date: 'Sat, 11 Jul 2015 13:58:45 GMT',
30 silly registry.get     via: '1.1 varnish',
30 silly registry.get     age: '0',
30 silly registry.get     connection: 'keep-alive',
30 silly registry.get     'x-served-by': 'cache-nrt6121-NRT',
30 silly registry.get     'x-cache': 'MISS',
30 silly registry.get     'x-cache-hits': '0',
30 silly registry.get     'x-timer': 'S1436623124.424426,VS0,VE775' } ]
31 silly lockFile 1c1feb45-grunt-moch grunt-moch@
32 silly lockFile 1c1feb45-grunt-moch grunt-moch@
33 error 404 404 Not Found: grunt-moch
33 error 404
33 error 404 'grunt-moch' is not in the npm registry.
33 error 404 You should bug the author to publish it
33 error 404 It was specified as a dependency of 'admin.rocksw'
33 error 404
33 error 404 Note that you can also install from a
33 error 404 tarball, folder, or http url, or git url.
34 error System Windows_NT 6.2.9200
35 error command "D:\\Program Files\\nodejs\\\\node.exe" "D:\\Program Files\\nodejs\\node_modules\\npm\\bin\\npm-cli.js" "install" "grunt-moch"
36 error cwd E:\webProject\admin
37 error node -v v0.10.35
38 error npm -v 1.4.28
39 error code E404
40 verbose exit [ 1, true ]
